<?xml version="1.0" encoding="UTF-8"?>
<testng-results ignored="0" total="1" passed="1" failed="0" skipped="0">
  <reporter-output>
  </reporter-output>
  <suite started-at="2022-12-09T04:47:05 PST" name="Default suite" finished-at="2022-12-09T04:47:17 PST" duration-ms="11953">
    <groups>
    </groups>
    <test started-at="2022-12-09T04:47:05 PST" name="Default test" finished-at="2022-12-09T04:47:17 PST" duration-ms="11953">
      <class name="project.test4">
        <test-method is-config="true" signature="setup()[pri:0, instance:project.test4@c88a337]" started-at="2022-12-09T04:47:05 PST" name="setup" finished-at="2022-12-09T04:47:11 PST" duration-ms="5353" status="PASS">
          <reporter-output>
          </reporter-output>
        </test-method> <!-- setup -->
        <test-method signature="test()[pri:0, instance:project.test4@c88a337]" started-at="2022-12-09T04:47:11 PST" name="test" finished-at="2022-12-09T04:47:17 PST" duration-ms="6552" status="PASS">
          <reporter-output>
          </reporter-output>
        </test-method> <!-- test -->
      </class> <!-- project.test4 -->
    </test> <!-- Default test -->
  </suite> <!-- Default suite -->
</testng-results>
